{
  "0 debug pnpm:scope": {
    "selected": 1,
    "workspacePrefix": "D:\\repos\\authclients"
  },
  "1 error pnpm": {
    "errno": 1,
    "code": "ELIFECYCLE",
    "pkgid": "auth-clients@1.0.0",
    "stage": "lint",
    "script": "pnpm run lint --filter ./Clients/",
    "pkgname": "auth-clients",
    "err": {
      "name": "pnpm",
      "message": "auth-clients@1.0.0 lint: `pnpm run lint --filter ./Clients/`\nExit status 1",
      "code": "ELIFECYCLE",
      "stack": "pnpm: auth-clients@1.0.0 lint: `pnpm run lint --filter ./Clients/`\nExit status 1\n    at EventEmitter.<anonymous> (C:\\Users\\patrick.bell\\AppData\\Roaming\\npm\\node_modules\\pnpm\\dist\\pnpm.cjs:104575:20)\n    at EventEmitter.emit (events.js:400:28)\n    at ChildProcess.<anonymous> (C:\\Users\\patrick.bell\\AppData\\Roaming\\npm\\node_modules\\pnpm\\dist\\pnpm.cjs:92564:18)\n    at ChildProcess.emit (events.js:400:28)\n    at maybeClose (internal/child_process.js:1055:16)\n    at Process.ChildProcess._handle.onexit (internal/child_process.js:288:5)"
    }
  },
  "2 warn pnpm:global": " Local package.json exists, but node_modules missing, did you mean to install?"
}